{"/Users/govind/works/family-tree-social/components/CreateFamily.tsx": {"path":"/Users/govind/works/family-tree-social/components/CreateFamily.tsx","statementMap":{"0":{"start":{"line":7,"column":24},"end":{"line":7,"column":null}},"1":{"start":{"line":3,"column":25},"end":{"line":3,"column":null}},"2":{"start":{"line":4,"column":26},"end":{"line":4,"column":null}},"3":{"start":{"line":5,"column":29},"end":{"line":5,"column":null}},"4":{"start":{"line":8,"column":38},"end":{"line":8,"column":null}},"5":{"start":{"line":9,"column":32},"end":{"line":9,"column":null}},"6":{"start":{"line":10,"column":28},"end":{"line":10,"column":null}},"7":{"start":{"line":11,"column":17},"end":{"line":11,"column":null}},"8":{"start":{"line":12,"column":19},"end":{"line":12,"column":null}},"9":{"start":{"line":14,"column":23},"end":{"line":58,"column":null}},"10":{"start":{"line":15,"column":4},"end":{"line":15,"column":null}},"11":{"start":{"line":16,"column":4},"end":{"line":16,"column":null}},"12":{"start":{"line":17,"column":4},"end":{"line":17,"column":null}},"13":{"start":{"line":19,"column":31},"end":{"line":19,"column":null}},"14":{"start":{"line":20,"column":4},"end":{"line":24,"column":null}},"15":{"start":{"line":21,"column":6},"end":{"line":21,"column":null}},"16":{"start":{"line":22,"column":6},"end":{"line":22,"column":null}},"17":{"start":{"line":23,"column":6},"end":{"line":23,"column":null}},"18":{"start":{"line":27,"column":49},"end":{"line":31,"column":null}},"19":{"start":{"line":33,"column":4},"end":{"line":37,"column":null}},"20":{"start":{"line":34,"column":6},"end":{"line":34,"column":null}},"21":{"start":{"line":35,"column":6},"end":{"line":35,"column":null}},"22":{"start":{"line":36,"column":6},"end":{"line":36,"column":null}},"23":{"start":{"line":40,"column":35},"end":{"line":49,"column":null}},"24":{"start":{"line":51,"column":4},"end":{"line":55,"column":null}},"25":{"start":{"line":52,"column":6},"end":{"line":52,"column":null}},"26":{"start":{"line":53,"column":6},"end":{"line":53,"column":null}},"27":{"start":{"line":54,"column":6},"end":{"line":54,"column":null}},"28":{"start":{"line":57,"column":4},"end":{"line":57,"column":null}},"29":{"start":{"line":84,"column":31},"end":{"line":84,"column":null}}},"fnMap":{"0":{"name":"CreateFamily","decl":{"start":{"line":7,"column":24},"end":{"line":7,"column":null}},"loc":{"start":{"line":7,"column":24},"end":{"line":125,"column":null}}},"1":{"name":"(anonymous_2)","decl":{"start":{"line":14,"column":23},"end":{"line":14,"column":30}},"loc":{"start":{"line":14,"column":30},"end":{"line":58,"column":null}}},"2":{"name":"(anonymous_3)","decl":{"start":{"line":84,"column":24},"end":{"line":84,"column":25}},"loc":{"start":{"line":84,"column":31},"end":{"line":84,"column":null}}}},"branchMap":{"0":{"loc":{"start":{"line":20,"column":4},"end":{"line":24,"column":null}},"type":"if","locations":[{"start":{"line":20,"column":4},"end":{"line":24,"column":null}},{"start":{},"end":{}}]},"1":{"loc":{"start":{"line":33,"column":4},"end":{"line":37,"column":null}},"type":"if","locations":[{"start":{"line":33,"column":4},"end":{"line":37,"column":null}},{"start":{},"end":{}}]},"2":{"loc":{"start":{"line":33,"column":8},"end":{"line":33,"column":32}},"type":"binary-expr","locations":[{"start":{"line":33,"column":8},"end":{"line":33,"column":23}},{"start":{"line":33,"column":23},"end":{"line":33,"column":32}}]},"3":{"loc":{"start":{"line":34,"column":15},"end":{"line":34,"column":null}},"type":"binary-expr","locations":[{"start":{"line":34,"column":15},"end":{"line":34,"column":39}},{"start":{"line":34,"column":39},"end":{"line":34,"column":null}}]},"4":{"loc":{"start":{"line":51,"column":4},"end":{"line":55,"column":null}},"type":"if","locations":[{"start":{"line":51,"column":4},"end":{"line":55,"column":null}},{"start":{},"end":{}}]},"5":{"loc":{"start":{"line":92,"column":11},"end":{"line":92,"column":null}},"type":"binary-expr","locations":[{"start":{"line":92,"column":11},"end":{"line":92,"column":null}}]},"6":{"loc":{"start":{"line":106,"column":11},"end":{"line":106,"column":null}},"type":"binary-expr","locations":[{"start":{"line":106,"column":11},"end":{"line":106,"column":null}}]},"7":{"loc":{"start":{"line":112,"column":22},"end":{"line":112,"column":null}},"type":"binary-expr","locations":[{"start":{"line":112,"column":22},"end":{"line":112,"column":33}},{"start":{"line":112,"column":33},"end":{"line":112,"column":null}}]},"8":{"loc":{"start":{"line":115,"column":13},"end":{"line":115,"column":null}},"type":"cond-expr","locations":[{"start":{"line":115,"column":23},"end":{"line":115,"column":37}},{"start":{"line":115,"column":37},"end":{"line":115,"column":null}}]}},"s":{"0":8,"1":1,"2":1,"3":1,"4":81,"5":81,"6":81,"7":81,"8":81,"9":81,"10":4,"11":4,"12":4,"13":4,"14":4,"15":1,"16":1,"17":1,"18":3,"19":3,"20":1,"21":1,"22":1,"23":2,"24":2,"25":0,"26":0,"27":0,"28":2,"29":67},"f":{"0":81,"1":4,"2":67},"b":{"0":[1,3],"1":[1,2],"2":[3,2],"3":[1,0],"4":[0,2],"5":[81],"6":[81],"7":[81,77],"8":[4,77]}}
,"/Users/govind/works/family-tree-social/components/PeopleSearch.tsx": {"path":"/Users/govind/works/family-tree-social/components/PeopleSearch.tsx","statementMap":{"0":{"start":{"line":6,"column":24},"end":{"line":6,"column":37}},"1":{"start":{"line":2,"column":36},"end":{"line":2,"column":null}},"2":{"start":{"line":3,"column":29},"end":{"line":3,"column":null}},"3":{"start":{"line":4,"column":17},"end":{"line":4,"column":null}},"4":{"start":{"line":7,"column":28},"end":{"line":7,"column":null}},"5":{"start":{"line":8,"column":32},"end":{"line":8,"column":null}},"6":{"start":{"line":9,"column":19},"end":{"line":9,"column":null}},"7":{"start":{"line":11,"column":2},"end":{"line":26,"column":null}},"8":{"start":{"line":12,"column":4},"end":{"line":15,"column":null}},"9":{"start":{"line":13,"column":6},"end":{"line":13,"column":null}},"10":{"start":{"line":14,"column":6},"end":{"line":14,"column":null}},"11":{"start":{"line":16,"column":18},"end":{"line":24,"column":null}},"12":{"start":{"line":17,"column":23},"end":{"line":22,"column":null}},"13":{"start":{"line":23,"column":6},"end":{"line":23,"column":null}},"14":{"start":{"line":25,"column":4},"end":{"line":25,"column":null}},"15":{"start":{"line":25,"column":17},"end":{"line":25,"column":null}},"16":{"start":{"line":34,"column":25},"end":{"line":34,"column":null}},"17":{"start":{"line":40,"column":12},"end":{"line":40,"column":27}}},"fnMap":{"0":{"name":"PeopleSearch","decl":{"start":{"line":6,"column":24},"end":{"line":6,"column":37}},"loc":{"start":{"line":6,"column":71},"end":{"line":50,"column":null}}},"1":{"name":"(anonymous_3)","decl":{"start":{"line":11,"column":12},"end":{"line":11,"column":null}},"loc":{"start":{"line":11,"column":12},"end":{"line":26,"column":5}}},"2":{"name":"(anonymous_4)","decl":{"start":{"line":16,"column":29},"end":{"line":16,"column":null}},"loc":{"start":{"line":16,"column":29},"end":{"line":24,"column":7}}},"3":{"name":"(anonymous_5)","decl":{"start":{"line":25,"column":11},"end":{"line":25,"column":17}},"loc":{"start":{"line":25,"column":17},"end":{"line":25,"column":null}}},"4":{"name":"(anonymous_6)","decl":{"start":{"line":34,"column":18},"end":{"line":34,"column":19}},"loc":{"start":{"line":34,"column":25},"end":{"line":34,"column":null}}},"5":{"name":"(anonymous_7)","decl":{"start":{"line":39,"column":23},"end":{"line":39,"column":24}},"loc":{"start":{"line":40,"column":12},"end":{"line":40,"column":27}}}},"branchMap":{"0":{"loc":{"start":{"line":12,"column":4},"end":{"line":15,"column":null}},"type":"if","locations":[{"start":{"line":12,"column":4},"end":{"line":15,"column":null}},{"start":{},"end":{}}]},"1":{"loc":{"start":{"line":23,"column":17},"end":{"line":23,"column":27}},"type":"binary-expr","locations":[{"start":{"line":23,"column":17},"end":{"line":23,"column":25}},{"start":{"line":23,"column":25},"end":{"line":23,"column":27}}]},"2":{"loc":{"start":{"line":37,"column":7},"end":{"line":37,"column":null}},"type":"binary-expr","locations":[{"start":{"line":37,"column":7},"end":{"line":37,"column":null}}]},"3":{"loc":{"start":{"line":42,"column":46},"end":{"line":42,"column":79}},"type":"binary-expr","locations":[{"start":{"line":42,"column":46},"end":{"line":42,"column":57}},{"start":{"line":42,"column":61},"end":{"line":42,"column":79}}]}},"s":{"0":6,"1":1,"2":1,"3":1,"4":38,"5":38,"6":38,"7":38,"8":22,"9":12,"10":12,"11":10,"12":4,"13":4,"14":10,"15":10,"16":16,"17":10},"f":{"0":38,"1":22,"2":4,"3":10,"4":16,"5":10},"b":{"0":[12,10],"1":[4,0],"2":[38],"3":[10,5]}}
,"/Users/govind/works/family-tree-social/components/PersonNode.tsx": {"path":"/Users/govind/works/family-tree-social/components/PersonNode.tsx","statementMap":{"0":{"start":{"line":39,"column":24},"end":{"line":39,"column":35}},"1":{"start":{"line":2,"column":25},"end":{"line":2,"column":null}},"2":{"start":{"line":3,"column":33},"end":{"line":3,"column":null}},"3":{"start":{"line":4,"column":17},"end":{"line":4,"column":null}},"4":{"start":{"line":5,"column":29},"end":{"line":5,"column":null}},"5":{"start":{"line":10,"column":2},"end":{"line":10,"column":null}},"6":{"start":{"line":14,"column":36},"end":{"line":22,"column":null}},"7":{"start":{"line":25,"column":10},"end":{"line":25,"column":null}},"8":{"start":{"line":26,"column":2},"end":{"line":26,"column":null}},"9":{"start":{"line":26,"column":24},"end":{"line":26,"column":null}},"10":{"start":{"line":27,"column":2},"end":{"line":27,"column":null}},"11":{"start":{"line":30,"column":73},"end":{"line":35,"column":null}},"12":{"start":{"line":40,"column":15},"end":{"line":40,"column":64}},"13":{"start":{"line":41,"column":28},"end":{"line":41,"column":null}},"14":{"start":{"line":42,"column":19},"end":{"line":42,"column":null}},"15":{"start":{"line":43,"column":20},"end":{"line":45,"column":null}},"16":{"start":{"line":46,"column":20},"end":{"line":46,"column":null}},"17":{"start":{"line":49,"column":20},"end":{"line":49,"column":null}},"18":{"start":{"line":50,"column":34},"end":{"line":50,"column":null}},"19":{"start":{"line":51,"column":21},"end":{"line":51,"column":null}},"20":{"start":{"line":105,"column":31},"end":{"line":105,"column":null}},"21":{"start":{"line":138,"column":26},"end":{"line":138,"column":47}},"22":{"start":{"line":139,"column":14},"end":{"line":141,"column":null}},"23":{"start":{"line":145,"column":34},"end":{"line":145,"column":null}}},"fnMap":{"0":{"name":"getInitials","decl":{"start":{"line":9,"column":9},"end":{"line":9,"column":21}},"loc":{"start":{"line":9,"column":49},"end":{"line":11,"column":null}}},"1":{"name":"getPalette","decl":{"start":{"line":24,"column":9},"end":{"line":24,"column":20}},"loc":{"start":{"line":24,"column":32},"end":{"line":28,"column":null}}},"2":{"name":"PersonNode","decl":{"start":{"line":39,"column":24},"end":{"line":39,"column":35}},"loc":{"start":{"line":39,"column":58},"end":{"line":169,"column":null}}},"3":{"name":"(anonymous_5)","decl":{"start":{"line":105,"column":25},"end":{"line":105,"column":31}},"loc":{"start":{"line":105,"column":31},"end":{"line":105,"column":null}}},"4":{"name":"(anonymous_6)","decl":{"start":{"line":137,"column":58},"end":{"line":137,"column":59}},"loc":{"start":{"line":137,"column":65},"end":{"line":157,"column":null}}},"5":{"name":"(anonymous_7)","decl":{"start":{"line":145,"column":27},"end":{"line":145,"column":28}},"loc":{"start":{"line":145,"column":34},"end":{"line":145,"column":null}}}},"branchMap":{"0":{"loc":{"start":{"line":10,"column":12},"end":{"line":10,"column":29}},"type":"binary-expr","locations":[{"start":{"line":10,"column":12},"end":{"line":10,"column":22}},{"start":{"line":10,"column":26},"end":{"line":10,"column":29}}]},"1":{"loc":{"start":{"line":10,"column":31},"end":{"line":10,"column":47}},"type":"binary-expr","locations":[{"start":{"line":10,"column":31},"end":{"line":10,"column":40}},{"start":{"line":10,"column":44},"end":{"line":10,"column":47}}]},"2":{"loc":{"start":{"line":40,"column":18},"end":{"line":40,"column":40}},"type":"binary-expr","locations":[{"start":{"line":40,"column":18},"end":{"line":40,"column":33}},{"start":{"line":40,"column":37},"end":{"line":40,"column":40}}]},"3":{"loc":{"start":{"line":40,"column":42},"end":{"line":40,"column":63}},"type":"binary-expr","locations":[{"start":{"line":40,"column":42},"end":{"line":40,"column":56}},{"start":{"line":40,"column":60},"end":{"line":40,"column":63}}]},"4":{"loc":{"start":{"line":43,"column":20},"end":{"line":45,"column":null}},"type":"cond-expr","locations":[{"start":{"line":44,"column":6},"end":{"line":44,"column":null}},{"start":{"line":45,"column":6},"end":{"line":45,"column":null}}]},"5":{"loc":{"start":{"line":51,"column":21},"end":{"line":51,"column":null}},"type":"binary-expr","locations":[{"start":{"line":51,"column":21},"end":{"line":51,"column":36}},{"start":{"line":51,"column":36},"end":{"line":51,"column":null}}]},"6":{"loc":{"start":{"line":98,"column":13},"end":{"line":108,"column":null}},"type":"cond-expr","locations":[{"start":{"line":99,"column":14},"end":{"line":108,"column":null}},{"start":{"line":108,"column":14},"end":{"line":108,"column":null}}]},"7":{"loc":{"start":{"line":120,"column":13},"end":{"line":120,"column":27}},"type":"binary-expr","locations":[{"start":{"line":120,"column":13},"end":{"line":120,"column":27}}]},"8":{"loc":{"start":{"line":126,"column":13},"end":{"line":126,"column":null}},"type":"binary-expr","locations":[{"start":{"line":126,"column":13},"end":{"line":126,"column":null}}]},"9":{"loc":{"start":{"line":135,"column":9},"end":{"line":135,"column":null}},"type":"binary-expr","locations":[{"start":{"line":135,"column":9},"end":{"line":135,"column":null}}]},"10":{"loc":{"start":{"line":148,"column":20},"end":{"line":150,"column":null}},"type":"cond-expr","locations":[{"start":{"line":149,"column":24},"end":{"line":149,"column":null}},{"start":{"line":150,"column":24},"end":{"line":150,"column":null}}]},"11":{"loc":{"start":{"line":152,"column":25},"end":{"line":152,"column":94}},"type":"cond-expr","locations":[{"start":{"line":152,"column":55},"end":{"line":152,"column":77}},{"start":{"line":152,"column":81},"end":{"line":152,"column":94}}]},"12":{"loc":{"start":{"line":152,"column":55},"end":{"line":152,"column":77}},"type":"binary-expr","locations":[{"start":{"line":152,"column":55},"end":{"line":152,"column":65}},{"start":{"line":152,"column":69},"end":{"line":152,"column":77}}]},"13":{"loc":{"start":{"line":154,"column":19},"end":{"line":154,"column":null}},"type":"cond-expr","locations":[{"start":{"line":154,"column":25},"end":{"line":154,"column":33}},{"start":{"line":154,"column":37},"end":{"line":154,"column":null}}]},"14":{"loc":{"start":{"line":154,"column":37},"end":{"line":154,"column":null}},"type":"binary-expr","locations":[{"start":{"line":154,"column":37},"end":{"line":154,"column":47}},{"start":{"line":154,"column":51},"end":{"line":154,"column":null}}]}},"s":{"0":6,"1":1,"2":1,"3":1,"4":1,"5":6,"6":1,"7":6,"8":6,"9":39,"10":6,"11":1,"12":6,"13":6,"14":6,"15":6,"16":6,"17":6,"18":6,"19":6,"20":0,"21":5,"22":5,"23":0},"f":{"0":6,"1":6,"2":6,"3":0,"4":5,"5":0},"b":{"0":[6,0],"1":[6,1],"2":[6,0],"3":[6,1],"4":[5,1],"5":[6,0],"6":[0,6],"7":[6],"8":[6],"9":[6],"10":[5,0],"11":[0,5],"12":[0,0],"13":[5,0],"14":[0,0]}}
,"/Users/govind/works/family-tree-social/lib/avatar.ts": {"path":"/Users/govind/works/family-tree-social/lib/avatar.ts","statementMap":{"0":{"start":{"line":63,"column":16},"end":{"line":63,"column":28}},"1":{"start":{"line":37,"column":16},"end":{"line":37,"column":34}},"2":{"start":{"line":23,"column":2},"end":{"line":28,"column":null}},"3":{"start":{"line":24,"column":17},"end":{"line":24,"column":null}},"4":{"start":{"line":25,"column":4},"end":{"line":25,"column":null}},"5":{"start":{"line":27,"column":4},"end":{"line":27,"column":null}},"6":{"start":{"line":38,"column":2},"end":{"line":38,"column":null}},"7":{"start":{"line":38,"column":28},"end":{"line":38,"column":null}},"8":{"start":{"line":42,"column":53},"end":{"line":47,"column":null}},"9":{"start":{"line":49,"column":2},"end":{"line":54,"column":null}},"10":{"start":{"line":50,"column":17},"end":{"line":50,"column":null}},"11":{"start":{"line":50,"column":41},"end":{"line":50,"column":null}},"12":{"start":{"line":51,"column":4},"end":{"line":51,"column":null}},"13":{"start":{"line":51,"column":15},"end":{"line":51,"column":null}},"14":{"start":{"line":52,"column":19},"end":{"line":52,"column":null}},"15":{"start":{"line":53,"column":4},"end":{"line":53,"column":null}},"16":{"start":{"line":53,"column":16},"end":{"line":53,"column":null}},"17":{"start":{"line":56,"column":2},"end":{"line":56,"column":null}},"18":{"start":{"line":67,"column":2},"end":{"line":67,"column":null}}},"fnMap":{"0":{"name":"lastSegment","decl":{"start":{"line":22,"column":9},"end":{"line":22,"column":21}},"loc":{"start":{"line":22,"column":32},"end":{"line":29,"column":null}}},"1":{"name":"getSocialAvatarUrl","decl":{"start":{"line":37,"column":16},"end":{"line":37,"column":34}},"loc":{"start":{"line":37,"column":79},"end":{"line":57,"column":null}}},"2":{"name":"(anonymous_5)","decl":{"start":{"line":50,"column":34},"end":{"line":50,"column":35}},"loc":{"start":{"line":50,"column":41},"end":{"line":50,"column":null}}},"3":{"name":"getAvatarUrl","decl":{"start":{"line":63,"column":16},"end":{"line":63,"column":28}},"loc":{"start":{"line":65,"column":46},"end":{"line":68,"column":null}}}},"branchMap":{"0":{"loc":{"start":{"line":25,"column":11},"end":{"line":25,"column":null}},"type":"binary-expr","locations":[{"start":{"line":25,"column":11},"end":{"line":25,"column":52}},{"start":{"line":25,"column":52},"end":{"line":25,"column":null}}]},"1":{"loc":{"start":{"line":38,"column":2},"end":{"line":38,"column":null}},"type":"if","locations":[{"start":{"line":38,"column":2},"end":{"line":38,"column":null}},{"start":{},"end":{}}]},"2":{"loc":{"start":{"line":51,"column":4},"end":{"line":51,"column":null}},"type":"if","locations":[{"start":{"line":51,"column":4},"end":{"line":51,"column":null}},{"start":{},"end":{}}]},"3":{"loc":{"start":{"line":53,"column":4},"end":{"line":53,"column":null}},"type":"if","locations":[{"start":{"line":53,"column":4},"end":{"line":53,"column":null}},{"start":{},"end":{}}]},"4":{"loc":{"start":{"line":67,"column":9},"end":{"line":67,"column":null}},"type":"binary-expr","locations":[{"start":{"line":67,"column":9},"end":{"line":67,"column":22}},{"start":{"line":67,"column":22},"end":{"line":67,"column":null}}]}},"s":{"0":1,"1":1,"2":2,"3":2,"4":2,"5":0,"6":5,"7":2,"8":3,"9":3,"10":6,"11":7,"12":6,"13":4,"14":2,"15":2,"16":2,"17":1,"18":6},"f":{"0":2,"1":5,"2":7,"3":6},"b":{"0":[2,0],"1":[2,3],"2":[4,2],"3":[2,0],"4":[6,5]}}
}
