TN:
SF:components/CreateFamily.tsx
FN:7,CreateFamily
FN:14,(anonymous_2)
FN:84,(anonymous_3)
FNF:3
FNH:3
FNDA:81,CreateFamily
FNDA:4,(anonymous_2)
FNDA:67,(anonymous_3)
DA:3,1
DA:4,1
DA:5,1
DA:7,8
DA:8,81
DA:9,81
DA:10,81
DA:11,81
DA:12,81
DA:14,81
DA:15,4
DA:16,4
DA:17,4
DA:19,4
DA:20,4
DA:21,1
DA:22,1
DA:23,1
DA:27,3
DA:33,3
DA:34,1
DA:35,1
DA:36,1
DA:40,2
DA:51,2
DA:52,0
DA:53,0
DA:54,0
DA:57,2
DA:84,67
LF:30
LH:27
BRDA:20,0,0,1
BRDA:20,0,1,3
BRDA:33,1,0,1
BRDA:33,1,1,2
BRDA:33,2,0,3
BRDA:33,2,1,2
BRDA:34,3,0,1
BRDA:34,3,1,0
BRDA:51,4,0,0
BRDA:51,4,1,2
BRDA:92,5,0,81
BRDA:106,6,0,81
BRDA:112,7,0,81
BRDA:112,7,1,77
BRDA:115,8,0,4
BRDA:115,8,1,77
BRF:16
BRH:14
end_of_record
TN:
SF:components/PeopleSearch.tsx
FN:6,PeopleSearch
FN:11,(anonymous_3)
FN:16,(anonymous_4)
FN:25,(anonymous_5)
FN:34,(anonymous_6)
FN:39,(anonymous_7)
FNF:6
FNH:6
FNDA:38,PeopleSearch
FNDA:22,(anonymous_3)
FNDA:4,(anonymous_4)
FNDA:10,(anonymous_5)
FNDA:16,(anonymous_6)
FNDA:10,(anonymous_7)
DA:2,1
DA:3,1
DA:4,1
DA:6,6
DA:7,38
DA:8,38
DA:9,38
DA:11,38
DA:12,22
DA:13,12
DA:14,12
DA:16,10
DA:17,4
DA:23,4
DA:25,10
DA:34,16
DA:40,10
LF:17
LH:17
BRDA:12,0,0,12
BRDA:12,0,1,10
BRDA:23,1,0,4
BRDA:23,1,1,0
BRDA:37,2,0,38
BRDA:42,3,0,10
BRDA:42,3,1,5
BRF:7
BRH:6
end_of_record
TN:
SF:components/PersonNode.tsx
FN:9,getInitials
FN:24,getPalette
FN:39,PersonNode
FN:105,(anonymous_5)
FN:137,(anonymous_6)
FN:145,(anonymous_7)
FNF:6
FNH:4
FNDA:6,getInitials
FNDA:6,getPalette
FNDA:6,PersonNode
FNDA:0,(anonymous_5)
FNDA:5,(anonymous_6)
FNDA:0,(anonymous_7)
DA:2,1
DA:3,1
DA:4,1
DA:5,1
DA:10,6
DA:14,1
DA:25,6
DA:26,39
DA:27,6
DA:30,1
DA:39,6
DA:40,6
DA:41,6
DA:42,6
DA:43,6
DA:46,6
DA:49,6
DA:50,6
DA:51,6
DA:105,0
DA:138,5
DA:139,5
DA:145,0
LF:23
LH:21
BRDA:10,0,0,6
BRDA:10,0,1,0
BRDA:10,1,0,6
BRDA:10,1,1,1
BRDA:40,2,0,6
BRDA:40,2,1,0
BRDA:40,3,0,6
BRDA:40,3,1,1
BRDA:43,4,0,5
BRDA:43,4,1,1
BRDA:51,5,0,6
BRDA:51,5,1,0
BRDA:98,6,0,0
BRDA:98,6,1,6
BRDA:120,7,0,6
BRDA:126,8,0,6
BRDA:135,9,0,6
BRDA:148,10,0,5
BRDA:148,10,1,0
BRDA:152,11,0,0
BRDA:152,11,1,5
BRDA:152,12,0,0
BRDA:152,12,1,0
BRDA:154,13,0,5
BRDA:154,13,1,0
BRDA:154,14,0,0
BRDA:154,14,1,0
BRF:27
BRH:16
end_of_record
TN:
SF:lib/avatar.ts
FN:22,lastSegment
FN:37,getSocialAvatarUrl
FN:50,(anonymous_5)
FN:63,getAvatarUrl
FNF:4
FNH:4
FNDA:2,lastSegment
FNDA:5,getSocialAvatarUrl
FNDA:7,(anonymous_5)
FNDA:6,getAvatarUrl
DA:23,2
DA:24,2
DA:25,2
DA:27,0
DA:37,1
DA:38,5
DA:42,3
DA:49,3
DA:50,7
DA:51,6
DA:52,2
DA:53,2
DA:56,1
DA:63,1
DA:67,6
LF:15
LH:14
BRDA:25,0,0,2
BRDA:25,0,1,0
BRDA:38,1,0,2
BRDA:38,1,1,3
BRDA:51,2,0,4
BRDA:51,2,1,2
BRDA:53,3,0,2
BRDA:53,3,1,0
BRDA:67,4,0,6
BRDA:67,4,1,5
BRF:10
BRH:8
end_of_record
